C51 COMPILER V9.54   ACTIONARR                                                             05/19/2018 17:21:50 PAGE 1   


C51 COMPILER V9.54, COMPILATION OF MODULE ACTIONARR
OBJECT MODULE PLACED IN ActionArr.OBJ
COMPILER INVOKED BY: D:\MDK\C51\BIN\C51.EXE ActionArr.c LARGE OPTIMIZE(8,SPEED) BROWSE MODP2 DEBUG OBJECTEXTEND TABS(2)

line level    source

   1          #include "action.h"
   2          
   3          
   4          
   5          
   6          
   7          


MODULE INFORMATION:   STATIC OVERLAYABLE
   CODE SIZE        =   ----    ----
   CONSTANT SIZE    =   ----    ----
   XDATA SIZE       =   ----    ----
   PDATA SIZE       =   ----    ----
   DATA SIZE        =   ----    ----
   IDATA SIZE       =   ----    ----
   BIT SIZE         =   ----    ----
END OF MODULE INFORMATION.


C51 COMPILATION COMPLETE.  0 WARNING(S),  0 ERROR(S)
