C51 COMPILER V9.54   ADC                                                                   07/15/2018 10:25:00 PAGE 1   


C51 COMPILER V9.54, COMPILATION OF MODULE ADC
OBJECT MODULE PLACED IN adc.OBJ
COMPILER INVOKED BY: D:\MDK\C51\BIN\C51.EXE adc.c LARGE OPTIMIZE(8,SPEED) BROWSE MODP2 DEBUG OBJECTEXTEND TABS(2)

line level    source

   1          #include "adc.h"
   2          #include "oled.h"
   3          
   4          uint ADValue;
   5          
   6          
   7          void ADC_init()
   8          {
   9   1      }
  10          
  11          void ADCInterrupt() interrupt 5
  12          {
  13   1      }


MODULE INFORMATION:   STATIC OVERLAYABLE
   CODE SIZE        =      2    ----
   CONSTANT SIZE    =   ----    ----
   XDATA SIZE       =      2    ----
   PDATA SIZE       =   ----    ----
   DATA SIZE        =   ----    ----
   IDATA SIZE       =   ----    ----
   BIT SIZE         =   ----    ----
END OF MODULE INFORMATION.


C51 COMPILATION COMPLETE.  0 WARNING(S),  0 ERROR(S)
