C51 COMPILER V9.54   MPU6050                                                               04/30/2020 01:44:06 PAGE 1   


C51 COMPILER V9.54, COMPILATION OF MODULE MPU6050
OBJECT MODULE PLACED IN MPU6050.OBJ
COMPILER INVOKED BY: D:\MDK\C51\BIN\C51.EXE MPU6050.c LARGE OPTIMIZE(8,SPEED) BROWSE MODP2 DEBUG OBJECTEXTEND TABS(2)

line level    source

   1          #include "MPU6050.h"
   2          #include "IIC.h"
   3          
   4          //****************************************
   5          //    MPU6050内部寄存器设置
   6          //****************************************
   7          #define SMPRT_DIV   0x19  //陀螺仪采样率，典型值：0x07(125Hz)
   8          #define CONFIG        0x1A  //低通滤波频率，典型值：0x06(5Hz)
   9          #define GYRO_CONFIG   0x1B  //陀螺仪自检及测量范围，典型值：0x18(不自检，2000deg/s)
  10          #define ACCEL_CONFIG  0x1C  //加速计自检、测量范围及高通滤波频率，典型值：0x01(不自检，2G，5Hz)
  11          #define ACCEL_XOUT_H  0x3B  //加速度计X轴检测值寄存器
  12          #define ACCEL_XOUT_L  0x3C
  13          #define ACCEL_YOUT_H  0x3D  //加速度计y轴检测值寄存器
  14          #define ACCEL_YOUT_L  0x3E
  15          #define ACCEL_ZOUT_H  0x3F  //加速度计z轴检测值寄存器
  16          #define ACCEL_ZOUT_L  0x40
  17          #define TEMP_OUT_H    0x41  //温度检测值寄存器
  18          #define TEMP_OUT_L    0x42
  19          #define GYRO_XOUT_H   0x43  //陀螺仪X轴检测值寄存器
  20          #define GYRO_XOUT_L   0x44
  21          #define GYRO_YOUT_H   0x45  //陀螺仪y轴检测值寄存器
  22          #define GYRO_YOUT_L   0x46
  23          #define GYRO_ZOUT_H   0x47  //陀螺仪z轴检测值寄存器
  24          #define GYRO_ZOUT_L   0x48
  25          #define PWR_MGMT_1    0x6B     //电源管理1寄存器
  26          #define WHO_AM_I      0x75     //MPU6050的设备地址寄存器
  27          
  28          #define MPU6050Address  0xD0     //默认MPU6050的设备地址
  29          
  30          //加速度各分量的值
  31          static int AccelXValue;
  32          static int AccelYValue;
  33          static int AccelZValue;
  34          //角度各分量的值
  35          static int GyroXValue;
  36          static int GyroYValue;
  37          static int GyroZValue;
  38          //温度值
  39          static int TempValue;
  40          
  41          
  42          void InitMPU6050()//MPU6050初始化
  43          {
  44   1        WriteI2C(MPU6050Address,PWR_MGMT_1, 0x00);  //解除休眠状态
  45   1        WriteI2C(MPU6050Address,SMPRT_DIV, 0x07);
  46   1        WriteI2C(MPU6050Address,CONFIG, 0x06);
  47   1        WriteI2C(MPU6050Address,GYRO_CONFIG, 0x18);
  48   1        WriteI2C(MPU6050Address,ACCEL_CONFIG, 0x01);
  49   1      }
  50          
  51          int GetData(uchar REG_Address)//获取指定地址下的数据
  52          {
  53   1        char ValueH,ValueL;
  54   1        ValueH = ReadI2C(MPU6050Address,REG_Address);//获取高八位地址
  55   1        ValueL = ReadI2C(MPU6050Address,REG_Address+1);//获取低八位数据
C51 COMPILER V9.54   MPU6050                                                               04/30/2020 01:44:06 PAGE 2   

  56   1        return (ValueH<<8)+ValueL;               //返回得到的值
  57   1      }
  58          
  59          void UpDataAll()    //更新所有数据
  60          {
  61   1        AccelXValue = GetData(ACCEL_XOUT_H);
  62   1        AccelYValue = GetData(ACCEL_YOUT_H);
  63   1        AccelZValue = GetData(ACCEL_ZOUT_H);
  64   1        
  65   1        GyroXValue = GetData(GYRO_XOUT_H);
  66   1        GyroYValue = GetData(GYRO_YOUT_H);
  67   1        GyroZValue = GetData(GYRO_ZOUT_H);
  68   1      } 


MODULE INFORMATION:   STATIC OVERLAYABLE
   CODE SIZE        =    175    ----
   CONSTANT SIZE    =   ----    ----
   XDATA SIZE       =     14       2
   PDATA SIZE       =   ----    ----
   DATA SIZE        =   ----    ----
   IDATA SIZE       =   ----    ----
   BIT SIZE         =   ----    ----
END OF MODULE INFORMATION.


C51 COMPILATION COMPLETE.  0 WARNING(S),  0 ERROR(S)
