C51 COMPILER V9.54   OLED                                                                  04/30/2020 01:44:06 PAGE 1   


C51 COMPILER V9.54, COMPILATION OF MODULE OLED
OBJECT MODULE PLACED IN oled.OBJ
COMPILER INVOKED BY: D:\MDK\C51\BIN\C51.EXE oled.c LARGE OPTIMIZE(8,SPEED) BROWSE MODP2 DEBUG OBJECTEXTEND TABS(2)

line level    source

   1          #include "oled.h"
   2          
   3          void oled_init()
   4          {
   5   1          
   6   1      }


MODULE INFORMATION:   STATIC OVERLAYABLE
   CODE SIZE        =      1    ----
   CONSTANT SIZE    =   ----    ----
   XDATA SIZE       =   ----    ----
   PDATA SIZE       =   ----    ----
   DATA SIZE        =   ----    ----
   IDATA SIZE       =   ----    ----
   BIT SIZE         =   ----    ----
END OF MODULE INFORMATION.


C51 COMPILATION COMPLETE.  0 WARNING(S),  0 ERROR(S)
